<?xml version="1.0" encoding="UTF-8"?>
<!-- Generated by org.testng.reporters.JUnitXMLReporter -->
<testsuite ignored="0" hostname="ITINBAC-DW0384" failures="0" tests="4" name="PSTRestAPITest" time="21.834" errors="0" timestamp="2021-09-06T23:15:17 PDT">
  <testcase classname="com.pst.api.test.automation.OPExternalSubmitAPITest" name="testExternalSubmitAPI" time="11.087"/>
  <testcase classname="com.pst.api.test.automation.OPExternalUpdateAPITest" name="testExternalUpdateAPI" time="4.023"/>
  <testcase classname="com.pst.api.test.automation.KPExternalSubmitAPITest" name="testExternalSubmitAPI" time="2.004"/>
  <testcase classname="com.pst.api.test.automation.KPExternalUpdateAPITest" name="testExternalUpdateAPI" time="4.466"/>
</testsuite> <!-- PSTRestAPITest -->
