<?xml version="1.0" encoding="UTF-8"?>
<testng-results ignored="0" total="1" passed="1" failed="0" skipped="0">
  <reporter-output>
  </reporter-output>
  <suite started-at="2021-09-06T23:25:06 PDT" name="Default suite" finished-at="2021-09-06T23:25:19 PDT" duration-ms="13456">
    <groups>
    </groups>
    <test started-at="2021-09-06T23:25:06 PDT" name="Default test" finished-at="2021-09-06T23:25:19 PDT" duration-ms="13456">
      <class name="com.pst.api.test.automation.OPExternalSubmitAPITest">
        <test-method signature="testExternalSubmitAPI()[pri:0, instance:com.pst.api.test.automation.OPExternalSubmitAPITest@759d26fb]" started-at="2021-09-06T23:25:06 PDT" name="testExternalSubmitAPI" finished-at="2021-09-06T23:25:19 PDT" duration-ms="13318" status="PASS">
          <reporter-output>
          </reporter-output>
        </test-method> <!-- testExternalSubmitAPI -->
      </class> <!-- com.pst.api.test.automation.OPExternalSubmitAPITest -->
    </test> <!-- Default test -->
  </suite> <!-- Default suite -->
</testng-results>
